Arguments: 
  /home/marcel/.nvm/versions/node/v18.15.0/bin/node /home/marcel/.nvm/versions/node/v18.15.0/bin/yarn init

PATH: 
  /home/marcel/.pyenv/shims:/home/marcel/.cache/cloud-code/installer/google-cloud-sdk/bin:/home/marcel/.nvm/versions/node/v18.15.0/bin:/home/marcel/.pyenv/bin:/usr/local/sbin:/usr/local/bin:/usr/sbin:/usr/bin:/sbin:/bin:/usr/games:/usr/local/games:/snap/bin:/snap/bin

Yarn version: 
  1.22.19

Node version: 
  18.15.0

Platform: 
  linux x64

Trace: 
  Error: canceled
      at Interface.<anonymous> (/home/marcel/.nvm/versions/node/v18.15.0/lib/node_modules/yarn/lib/cli.js:137150:13)
      at Interface.emit (node:events:513:28)
      at [_ttyWrite] [as _ttyWrite] (node:internal/readline/interface:1131:18)
      at ReadStream.onkeypress (node:internal/readline/interface:270:20)
      at ReadStream.emit (node:events:513:28)
      at emitKeys (node:internal/readline/utils:357:14)
      at emitKeys.next (<anonymous>)
      at ReadStream.onData (node:internal/readline/emitKeypressEvents:64:36)
      at ReadStream.emit (node:events:513:28)
      at addChunk (node:internal/streams/readable:324:12)

npm manifest: 
  {
    "name": "node_cleanarch",
    "version": "1.0.0",
    "description": "Clean Archtecture using Nest.js",
    "main": "index.js",
    "scripts": {
      "test": "echo \"Error: no test specified\" && exit 1"
    },
    "lint-staged": {
      "*.js": [
        "standard --fix",
        "git add"
      ]
    },
    "husky": {
      "hooks": {
        "pre-commit": "lint-staged"
      }
    },
    "author": "Marcel Bittar",
    "license": "MIT",
    "devDependencies": {
      "husky": "^8.0.3",
      "jest": "^29.6.1",
      "lint-staged": "^13.2.3",
      "standard": "^17.1.0"
    }
  }

yarn manifest: 
  No manifest

Lockfile: 
  No lockfile
